d:\work\human_motion\motion\motion\debug\vc120.pdb
d:\work\human_motion\motion\motion\debug\vc120.idb
d:\work\human_motion\motion\motion\debug\mian.obj
d:\work\human_motion\motion\motion\debug\matrix.obj
d:\work\human_motion\motion\motion\debug\vc140.pdb
d:\work\human_motion\motion\motion\debug\vc140.idb
d:\work\human_motion\motion\debug\motion.pdb
d:\work\human_motion\motion\motion\debug\motion.tlog\cl.command.1.tlog
d:\work\human_motion\motion\motion\debug\motion.tlog\cl.read.1.tlog
d:\work\human_motion\motion\motion\debug\motion.tlog\cl.write.1.tlog
d:\work\human_motion\motion\motion\debug\motion.tlog\link-cvtres.read.1.tlog
d:\work\human_motion\motion\motion\debug\motion.tlog\link-cvtres.write.1.tlog
d:\work\human_motion\motion\motion\debug\motion.tlog\link-rc.read.1.tlog
d:\work\human_motion\motion\motion\debug\motion.tlog\link-rc.write.1.tlog
d:\work\human_motion\motion\motion\debug\motion.tlog\link.26116-cvtres.read.1.tlog
d:\work\human_motion\motion\motion\debug\motion.tlog\link.26116-cvtres.write.1.tlog
d:\work\human_motion\motion\motion\debug\motion.tlog\link.26116-rc.read.1.tlog
d:\work\human_motion\motion\motion\debug\motion.tlog\link.26116-rc.write.1.tlog
d:\work\human_motion\motion\motion\debug\motion.tlog\link.26116.read.1.tlog
d:\work\human_motion\motion\motion\debug\motion.tlog\link.26116.write.1.tlog
d:\work\human_motion\motion\motion\debug\motion.tlog\link.command.1.tlog
d:\work\human_motion\motion\motion\debug\motion.tlog\link.read.1.tlog
d:\work\human_motion\motion\motion\debug\motion.tlog\link.write.1.tlog
